0 info it worked if it ends with ok
1 verbose cli [ '/Users/sfarthing/.nvm/v0.10.29/bin/node',
1 verbose cli   '/Users/sfarthing/.nvm/v0.10.29/bin/npm',
1 verbose cli   'install',
1 verbose cli   'ga-analytics',
1 verbose cli   '-g' ]
2 info using npm@1.4.14
3 info using node@v0.10.29
4 verbose cache add [ 'ga-analytics', null ]
5 verbose cache add name=undefined spec="ga-analytics" args=["ga-analytics",null]
6 verbose parsed url { protocol: null,
6 verbose parsed url   slashes: null,
6 verbose parsed url   auth: null,
6 verbose parsed url   host: null,
6 verbose parsed url   port: null,
6 verbose parsed url   hostname: null,
6 verbose parsed url   hash: null,
6 verbose parsed url   search: null,
6 verbose parsed url   query: null,
6 verbose parsed url   pathname: 'ga-analytics',
6 verbose parsed url   path: 'ga-analytics',
6 verbose parsed url   href: 'ga-analytics' }
7 silly lockFile abd2bcb6-ga-analytics ga-analytics
8 verbose lock ga-analytics /Users/sfarthing/.npm/abd2bcb6-ga-analytics.lock
9 silly lockFile abd2bcb6-ga-analytics ga-analytics
10 silly lockFile abd2bcb6-ga-analytics ga-analytics
11 verbose addNamed [ 'ga-analytics', '' ]
12 verbose addNamed [ null, '*' ]
13 silly lockFile f0379418-ga-analytics ga-analytics@
14 verbose lock ga-analytics@ /Users/sfarthing/.npm/f0379418-ga-analytics.lock
15 silly addNameRange { name: 'ga-analytics', range: '*', hasData: false }
16 verbose url raw ga-analytics
17 verbose url resolving [ 'https://registry.npmjs.org/', './ga-analytics' ]
18 verbose url resolved https://registry.npmjs.org/ga-analytics
19 info trying registry request attempt 1 at 09:55:42
20 http GET https://registry.npmjs.org/ga-analytics
21 http 200 https://registry.npmjs.org/ga-analytics
22 silly registry.get cb [ 200,
22 silly registry.get   { date: 'Fri, 21 Nov 2014 14:55:42 GMT',
22 silly registry.get     server: 'CouchDB/1.5.0 (Erlang OTP/R16B03)',
22 silly registry.get     etag: '"3AUVMMTOV70SIHMVU2XZORZVG"',
22 silly registry.get     'content-type': 'application/json',
22 silly registry.get     'cache-control': 'max-age=60',
22 silly registry.get     'content-length': '1560',
22 silly registry.get     'accept-ranges': 'bytes',
22 silly registry.get     via: '1.1 varnish',
22 silly registry.get     age: '7',
22 silly registry.get     'x-served-by': 'cache-atl6226-ATL',
22 silly registry.get     'x-cache': 'HIT',
22 silly registry.get     'x-cache-hits': '1',
22 silly registry.get     'x-timer': 'S1416581742.215301,VS0,VE0',
22 silly registry.get     vary: 'Accept',
22 silly registry.get     'keep-alive': 'timeout=10, max=50',
22 silly registry.get     connection: 'Keep-Alive' } ]
23 silly addNameRange number 2 { name: 'ga-analytics', range: '*', hasData: true }
24 silly addNameRange versions [ 'ga-analytics', [ '0.0.1' ] ]
25 verbose addNamed [ 'ga-analytics', '0.0.1' ]
26 verbose addNamed [ '0.0.1', '0.0.1' ]
27 silly lockFile 967090d2-ga-analytics-0-0-1 ga-analytics@0.0.1
28 verbose lock ga-analytics@0.0.1 /Users/sfarthing/.npm/967090d2-ga-analytics-0-0-1.lock
29 silly lockFile 967090d2-ga-analytics-0-0-1 ga-analytics@0.0.1
30 silly lockFile 967090d2-ga-analytics-0-0-1 ga-analytics@0.0.1
31 silly lockFile f0379418-ga-analytics ga-analytics@
32 silly lockFile f0379418-ga-analytics ga-analytics@
33 silly resolved [ { name: 'ga-analytics',
33 silly resolved     version: '0.0.1',
33 silly resolved     description: 'Straight forward access to Google Analytics stats',
33 silly resolved     main: 'module.js',
33 silly resolved     bin: { 'ga-analytics': 'bin/ga-analytics' },
33 silly resolved     scripts: { test: 'echo "Error: no test specified" && exit 1' },
33 silly resolved     keywords: [ 'Google Analytics', 'google', 'analytics', 'commandline' ],
33 silly resolved     author:
33 silly resolved      { name: 'Steve Farthing',
33 silly resolved        email: 'me@stevefar.com',
33 silly resolved        url: 'https://stevefar.com' },
33 silly resolved     license: 'MIT',
33 silly resolved     dependencies: { commander: '^2.5.0', lodash: '^2.4.1', moment: '^2.8.4' },
33 silly resolved     gitHead: 'e0d3960a89fedd3686f67bb2e37ff56ea2be4a0e',
33 silly resolved     readme: 'ERROR: No README data found!',
33 silly resolved     _id: 'ga-analytics@0.0.1',
33 silly resolved     _shasum: '1b4d1715a7e321d01775f55ae929b531bf757b7d',
33 silly resolved     _from: 'ga-analytics@' } ]
34 info install ga-analytics@0.0.1 into /Users/sfarthing/.nvm/v0.10.29/lib
35 info installOne ga-analytics@0.0.1
36 info /Users/sfarthing/.nvm/v0.10.29/lib/node_modules/ga-analytics unbuild
37 verbose tar unpack /Users/sfarthing/.npm/ga-analytics/0.0.1/package.tgz
38 silly lockFile 1d015f5c-29-lib-node-modules-ga-analytics tar:///Users/sfarthing/.nvm/v0.10.29/lib/node_modules/ga-analytics
39 verbose lock tar:///Users/sfarthing/.nvm/v0.10.29/lib/node_modules/ga-analytics /Users/sfarthing/.npm/1d015f5c-29-lib-node-modules-ga-analytics.lock
40 silly lockFile 9d1fccaf-m-ga-analytics-0-0-1-package-tgz tar:///Users/sfarthing/.npm/ga-analytics/0.0.1/package.tgz
41 verbose lock tar:///Users/sfarthing/.npm/ga-analytics/0.0.1/package.tgz /Users/sfarthing/.npm/9d1fccaf-m-ga-analytics-0-0-1-package-tgz.lock
42 silly gunzTarPerm modes [ '755', '644' ]
43 silly gunzTarPerm extractEntry package.json
44 silly gunzTarPerm extractEntry .npmignore
45 silly gunzTarPerm extractEntry module.js
46 silly gunzTarPerm extractEntry bin/ga-reporting
47 silly lockFile 1d015f5c-29-lib-node-modules-ga-analytics tar:///Users/sfarthing/.nvm/v0.10.29/lib/node_modules/ga-analytics
48 silly lockFile 1d015f5c-29-lib-node-modules-ga-analytics tar:///Users/sfarthing/.nvm/v0.10.29/lib/node_modules/ga-analytics
49 silly lockFile 9d1fccaf-m-ga-analytics-0-0-1-package-tgz tar:///Users/sfarthing/.npm/ga-analytics/0.0.1/package.tgz
50 silly lockFile 9d1fccaf-m-ga-analytics-0-0-1-package-tgz tar:///Users/sfarthing/.npm/ga-analytics/0.0.1/package.tgz
51 info preinstall ga-analytics@0.0.1
52 verbose readDependencies using package.json deps
53 verbose readDependencies using package.json deps
54 verbose cache add [ 'commander@^2.5.0', null ]
55 verbose cache add name=undefined spec="commander@^2.5.0" args=["commander@^2.5.0",null]
56 verbose parsed url { protocol: null,
56 verbose parsed url   slashes: null,
56 verbose parsed url   auth: null,
56 verbose parsed url   host: null,
56 verbose parsed url   port: null,
56 verbose parsed url   hostname: null,
56 verbose parsed url   hash: null,
56 verbose parsed url   search: null,
56 verbose parsed url   query: null,
56 verbose parsed url   pathname: 'commander@^2.5.0',
56 verbose parsed url   path: 'commander@^2.5.0',
56 verbose parsed url   href: 'commander@^2.5.0' }
57 verbose cache add [ 'lodash@^2.4.1', null ]
58 verbose cache add name=undefined spec="lodash@^2.4.1" args=["lodash@^2.4.1",null]
59 verbose parsed url { protocol: null,
59 verbose parsed url   slashes: null,
59 verbose parsed url   auth: null,
59 verbose parsed url   host: null,
59 verbose parsed url   port: null,
59 verbose parsed url   hostname: null,
59 verbose parsed url   hash: null,
59 verbose parsed url   search: null,
59 verbose parsed url   query: null,
59 verbose parsed url   pathname: 'lodash@^2.4.1',
59 verbose parsed url   path: 'lodash@^2.4.1',
59 verbose parsed url   href: 'lodash@^2.4.1' }
60 verbose cache add name="commander" spec="^2.5.0" args=["commander","^2.5.0"]
61 verbose parsed url { protocol: null,
61 verbose parsed url   slashes: null,
61 verbose parsed url   auth: null,
61 verbose parsed url   host: null,
61 verbose parsed url   port: null,
61 verbose parsed url   hostname: null,
61 verbose parsed url   hash: null,
61 verbose parsed url   search: null,
61 verbose parsed url   query: null,
61 verbose parsed url   pathname: '^2.5.0',
61 verbose parsed url   path: '^2.5.0',
61 verbose parsed url   href: '^2.5.0' }
62 verbose addNamed [ 'commander', '^2.5.0' ]
63 verbose addNamed [ null, '>=2.5.0-0 <3.0.0-0' ]
64 silly lockFile 6fbb7c78-commander-2-5-0 commander@^2.5.0
65 verbose lock commander@^2.5.0 /Users/sfarthing/.npm/6fbb7c78-commander-2-5-0.lock
66 verbose cache add [ 'moment@^2.8.4', null ]
67 verbose cache add name=undefined spec="moment@^2.8.4" args=["moment@^2.8.4",null]
68 verbose parsed url { protocol: null,
68 verbose parsed url   slashes: null,
68 verbose parsed url   auth: null,
68 verbose parsed url   host: null,
68 verbose parsed url   port: null,
68 verbose parsed url   hostname: null,
68 verbose parsed url   hash: null,
68 verbose parsed url   search: null,
68 verbose parsed url   query: null,
68 verbose parsed url   pathname: 'moment@^2.8.4',
68 verbose parsed url   path: 'moment@^2.8.4',
68 verbose parsed url   href: 'moment@^2.8.4' }
69 verbose cache add name="lodash" spec="^2.4.1" args=["lodash","^2.4.1"]
70 verbose parsed url { protocol: null,
70 verbose parsed url   slashes: null,
70 verbose parsed url   auth: null,
70 verbose parsed url   host: null,
70 verbose parsed url   port: null,
70 verbose parsed url   hostname: null,
70 verbose parsed url   hash: null,
70 verbose parsed url   search: null,
70 verbose parsed url   query: null,
70 verbose parsed url   pathname: '^2.4.1',
70 verbose parsed url   path: '^2.4.1',
70 verbose parsed url   href: '^2.4.1' }
71 verbose addNamed [ 'lodash', '^2.4.1' ]
72 verbose addNamed [ null, '>=2.4.1-0 <3.0.0-0' ]
73 silly lockFile 59759450-lodash-2-4-1 lodash@^2.4.1
74 verbose lock lodash@^2.4.1 /Users/sfarthing/.npm/59759450-lodash-2-4-1.lock
75 verbose cache add name="moment" spec="^2.8.4" args=["moment","^2.8.4"]
76 verbose parsed url { protocol: null,
76 verbose parsed url   slashes: null,
76 verbose parsed url   auth: null,
76 verbose parsed url   host: null,
76 verbose parsed url   port: null,
76 verbose parsed url   hostname: null,
76 verbose parsed url   hash: null,
76 verbose parsed url   search: null,
76 verbose parsed url   query: null,
76 verbose parsed url   pathname: '^2.8.4',
76 verbose parsed url   path: '^2.8.4',
76 verbose parsed url   href: '^2.8.4' }
77 verbose addNamed [ 'moment', '^2.8.4' ]
78 verbose addNamed [ null, '>=2.8.4-0 <3.0.0-0' ]
79 silly lockFile a9ddb77c-moment-2-8-4 moment@^2.8.4
80 verbose lock moment@^2.8.4 /Users/sfarthing/.npm/a9ddb77c-moment-2-8-4.lock
81 silly addNameRange { name: 'commander',
81 silly addNameRange   range: '>=2.5.0-0 <3.0.0-0',
81 silly addNameRange   hasData: false }
82 silly addNameRange { name: 'lodash', range: '>=2.4.1-0 <3.0.0-0', hasData: false }
83 silly addNameRange { name: 'moment', range: '>=2.8.4-0 <3.0.0-0', hasData: false }
84 verbose url raw commander
85 verbose url resolving [ 'https://registry.npmjs.org/', './commander' ]
86 verbose url resolved https://registry.npmjs.org/commander
87 info trying registry request attempt 1 at 09:55:42
88 verbose etag "1VRRKJUVBGBEA01C99Z0ZPFU1"
89 http GET https://registry.npmjs.org/commander
90 verbose url raw lodash
91 verbose url resolving [ 'https://registry.npmjs.org/', './lodash' ]
92 verbose url resolved https://registry.npmjs.org/lodash
93 info trying registry request attempt 1 at 09:55:42
94 verbose etag "3DP2H7IT4FZRQM65DJ8DHHK5O"
95 http GET https://registry.npmjs.org/lodash
96 verbose url raw moment
97 verbose url resolving [ 'https://registry.npmjs.org/', './moment' ]
98 verbose url resolved https://registry.npmjs.org/moment
99 info trying registry request attempt 1 at 09:55:42
100 verbose etag "DZINXGROQ78DTZIF1ERZY2MFZ"
101 http GET https://registry.npmjs.org/moment
102 http 304 https://registry.npmjs.org/commander
103 silly registry.get cb [ 304,
103 silly registry.get   { date: 'Fri, 21 Nov 2014 14:55:42 GMT',
103 silly registry.get     server: 'Apache',
103 silly registry.get     via: '1.1 varnish',
103 silly registry.get     'last-modified': 'Fri, 21 Nov 2014 14:55:01 GMT',
103 silly registry.get     'cache-control': 'max-age=60',
103 silly registry.get     etag: '"1VRRKJUVBGBEA01C99Z0ZPFU1"',
103 silly registry.get     age: '58',
103 silly registry.get     'x-served-by': 'cache-atl6227-ATL',
103 silly registry.get     'x-cache': 'HIT',
103 silly registry.get     'x-cache-hits': '2',
103 silly registry.get     'x-timer': 'S1416581742.532412,VS0,VE0',
103 silly registry.get     vary: 'Accept',
103 silly registry.get     'content-length': '0',
103 silly registry.get     'keep-alive': 'timeout=10, max=50',
103 silly registry.get     connection: 'Keep-Alive' } ]
104 verbose etag commander from cache
105 silly addNameRange number 2 { name: 'commander', range: '>=2.5.0-0 <3.0.0-0', hasData: true }
106 silly addNameRange versions [ 'commander',
106 silly addNameRange   [ '0.0.1',
106 silly addNameRange     '0.0.3',
106 silly addNameRange     '0.0.4',
106 silly addNameRange     '0.0.5',
106 silly addNameRange     '0.1.0',
106 silly addNameRange     '0.2.0',
106 silly addNameRange     '0.2.1',
106 silly addNameRange     '0.3.0',
106 silly addNameRange     '0.3.1',
106 silly addNameRange     '0.3.2',
106 silly addNameRange     '0.3.3',
106 silly addNameRange     '0.4.0',
106 silly addNameRange     '0.4.1',
106 silly addNameRange     '0.4.2',
106 silly addNameRange     '0.4.3',
106 silly addNameRange     '0.5.0',
106 silly addNameRange     '0.5.1',
106 silly addNameRange     '0.6.0',
106 silly addNameRange     '0.6.1',
106 silly addNameRange     '0.5.2',
106 silly addNameRange     '1.0.0',
106 silly addNameRange     '1.0.1',
106 silly addNameRange     '1.0.2',
106 silly addNameRange     '1.0.3',
106 silly addNameRange     '1.0.4',
106 silly addNameRange     '1.0.5',
106 silly addNameRange     '1.1.0',
106 silly addNameRange     '1.1.1',
106 silly addNameRange     '1.2.0',
106 silly addNameRange     '1.3.0',
106 silly addNameRange     '1.3.1',
106 silly addNameRange     '1.3.2',
106 silly addNameRange     '2.0.0',
106 silly addNameRange     '2.1.0',
106 silly addNameRange     '2.2.0',
106 silly addNameRange     '2.3.0',
106 silly addNameRange     '2.4.0',
106 silly addNameRange     '2.5.0' ] ]
107 verbose addNamed [ 'commander', '2.5.0' ]
108 verbose addNamed [ '2.5.0', '2.5.0' ]
109 silly lockFile f6cc2f70-commander-2-5-0 commander@2.5.0
110 verbose lock commander@2.5.0 /Users/sfarthing/.npm/f6cc2f70-commander-2-5-0.lock
111 silly lockFile f6cc2f70-commander-2-5-0 commander@2.5.0
112 silly lockFile f6cc2f70-commander-2-5-0 commander@2.5.0
113 silly lockFile 6fbb7c78-commander-2-5-0 commander@^2.5.0
114 silly lockFile 6fbb7c78-commander-2-5-0 commander@^2.5.0
115 http 304 https://registry.npmjs.org/lodash
116 silly registry.get cb [ 304,
116 silly registry.get   { date: 'Fri, 21 Nov 2014 14:55:42 GMT',
116 silly registry.get     server: 'Apache',
116 silly registry.get     via: '1.1 varnish',
116 silly registry.get     'last-modified': 'Fri, 21 Nov 2014 14:49:10 GMT',
116 silly registry.get     'cache-control': 'max-age=60',
116 silly registry.get     etag: '"3DP2H7IT4FZRQM65DJ8DHHK5O"',
116 silly registry.get     age: '27',
116 silly registry.get     'x-served-by': 'cache-atl6222-ATL',
116 silly registry.get     'x-cache': 'HIT',
116 silly registry.get     'x-cache-hits': '107',
116 silly registry.get     'x-timer': 'S1416581742.570538,VS0,VE0',
116 silly registry.get     vary: 'Accept',
116 silly registry.get     'content-length': '0',
116 silly registry.get     'keep-alive': 'timeout=10, max=50',
116 silly registry.get     connection: 'Keep-Alive' } ]
117 verbose etag lodash from cache
118 silly addNameRange number 2 { name: 'lodash', range: '>=2.4.1-0 <3.0.0-0', hasData: true }
119 silly addNameRange versions [ 'lodash',
119 silly addNameRange   [ '0.1.0',
119 silly addNameRange     '0.2.0',
119 silly addNameRange     '0.2.1',
119 silly addNameRange     '0.2.2',
119 silly addNameRange     '0.3.0',
119 silly addNameRange     '0.3.1',
119 silly addNameRange     '0.3.2',
119 silly addNameRange     '0.4.0',
119 silly addNameRange     '0.4.1',
119 silly addNameRange     '0.4.2',
119 silly addNameRange     '0.5.0-rc.1',
119 silly addNameRange     '0.5.0',
119 silly addNameRange     '0.5.1',
119 silly addNameRange     '0.5.2',
119 silly addNameRange     '0.6.0',
119 silly addNameRange     '0.6.1',
119 silly addNameRange     '0.7.0',
119 silly addNameRange     '0.8.0',
119 silly addNameRange     '0.8.1',
119 silly addNameRange     '0.8.2',
119 silly addNameRange     '0.9.0',
119 silly addNameRange     '0.9.1',
119 silly addNameRange     '0.9.2',
119 silly addNameRange     '0.10.0',
119 silly addNameRange     '1.0.0-rc.1',
119 silly addNameRange     '1.0.0-rc.2',
119 silly addNameRange     '1.0.0-rc.3',
119 silly addNameRange     '1.0.0',
119 silly addNameRange     '1.0.1',
119 silly addNameRange     '1.1.0',
119 silly addNameRange     '1.1.1',
119 silly addNameRange     '1.2.0',
119 silly addNameRange     '1.2.1',
119 silly addNameRange     '1.3.0',
119 silly addNameRange     '1.3.1',
119 silly addNameRange     '2.0.0',
119 silly addNameRange     '2.1.0',
119 silly addNameRange     '2.2.0',
119 silly addNameRange     '2.2.1',
119 silly addNameRange     '2.3.0',
119 silly addNameRange     '2.4.0',
119 silly addNameRange     '2.4.1' ] ]
120 verbose addNamed [ 'lodash', '2.4.1' ]
121 verbose addNamed [ '2.4.1', '2.4.1' ]
122 silly lockFile 8502be2a-lodash-2-4-1 lodash@2.4.1
123 verbose lock lodash@2.4.1 /Users/sfarthing/.npm/8502be2a-lodash-2-4-1.lock
124 silly lockFile 8502be2a-lodash-2-4-1 lodash@2.4.1
125 silly lockFile 8502be2a-lodash-2-4-1 lodash@2.4.1
126 silly lockFile 59759450-lodash-2-4-1 lodash@^2.4.1
127 silly lockFile 59759450-lodash-2-4-1 lodash@^2.4.1
128 http 304 https://registry.npmjs.org/moment
129 silly registry.get cb [ 304,
129 silly registry.get   { date: 'Fri, 21 Nov 2014 14:55:42 GMT',
129 silly registry.get     server: 'Apache',
129 silly registry.get     via: '1.1 varnish',
129 silly registry.get     'last-modified': 'Fri, 21 Nov 2014 14:55:42 GMT',
129 silly registry.get     'cache-control': 'max-age=60',
129 silly registry.get     etag: '"DZINXGROQ78DTZIF1ERZY2MFZ"',
129 silly registry.get     age: '0',
129 silly registry.get     'x-served-by': 'cache-atl6220-ATL',
129 silly registry.get     'x-cache': 'HIT',
129 silly registry.get     'x-cache-hits': '1',
129 silly registry.get     'x-timer': 'S1416581742.568100,VS0,VE315',
129 silly registry.get     vary: 'Accept',
129 silly registry.get     'content-length': '0',
129 silly registry.get     'keep-alive': 'timeout=10, max=50',
129 silly registry.get     connection: 'Keep-Alive' } ]
130 verbose etag moment from cache
131 silly addNameRange number 2 { name: 'moment', range: '>=2.8.4-0 <3.0.0-0', hasData: true }
132 silly addNameRange versions [ 'moment',
132 silly addNameRange   [ '1.0.0',
132 silly addNameRange     '1.0.1',
132 silly addNameRange     '1.1.0',
132 silly addNameRange     '1.1.1',
132 silly addNameRange     '1.2.0',
132 silly addNameRange     '1.3.0',
132 silly addNameRange     '1.4.0',
132 silly addNameRange     '1.5.0',
132 silly addNameRange     '1.5.1',
132 silly addNameRange     '1.6.0',
132 silly addNameRange     '1.6.1',
132 silly addNameRange     '1.6.2',
132 silly addNameRange     '1.7.0',
132 silly addNameRange     '1.7.1',
132 silly addNameRange     '1.7.2',
132 silly addNameRange     '2.0.0',
132 silly addNameRange     '2.1.0',
132 silly addNameRange     '2.2.1',
132 silly addNameRange     '2.3.0',
132 silly addNameRange     '2.3.1',
132 silly addNameRange     '2.4.0',
132 silly addNameRange     '2.5.0',
132 silly addNameRange     '2.5.1',
132 silly addNameRange     '2.6.0',
132 silly addNameRange     '2.7.0',
132 silly addNameRange     '2.8.1',
132 silly addNameRange     '2.8.2',
132 silly addNameRange     '2.8.3',
132 silly addNameRange     '2.8.4' ] ]
133 verbose addNamed [ 'moment', '2.8.4' ]
134 verbose addNamed [ '2.8.4', '2.8.4' ]
135 silly lockFile 978b0398-moment-2-8-4 moment@2.8.4
136 verbose lock moment@2.8.4 /Users/sfarthing/.npm/978b0398-moment-2-8-4.lock
137 silly lockFile 978b0398-moment-2-8-4 moment@2.8.4
138 silly lockFile 978b0398-moment-2-8-4 moment@2.8.4
139 silly lockFile a9ddb77c-moment-2-8-4 moment@^2.8.4
140 silly lockFile a9ddb77c-moment-2-8-4 moment@^2.8.4
141 silly resolved [ { name: 'commander',
141 silly resolved     version: '2.5.0',
141 silly resolved     description: 'the complete solution for node.js command-line programs',
141 silly resolved     keywords: [ 'command', 'option', 'parser', 'prompt' ],
141 silly resolved     author: { name: 'TJ Holowaychuk', email: 'tj@vision-media.ca' },
141 silly resolved     license: 'MIT',
141 silly resolved     repository: { type: 'git', url: 'https://github.com/tj/commander.js.git' },
141 silly resolved     devDependencies: { should: '>= 0.0.1' },
141 silly resolved     scripts: { test: 'make test' },
141 silly resolved     main: 'index',
141 silly resolved     engines: { node: '>= 0.6.x' },
141 silly resolved     files: [ 'index.js' ],
141 silly resolved     bugs: { url: 'https://github.com/tj/commander.js/issues' },
141 silly resolved     homepage: 'https://github.com/tj/commander.js',
141 silly resolved     _id: 'commander@2.5.0',
141 silly resolved     _shasum: 'd777b6a4d847d423e5d475da864294ac1ff5aa9d',
141 silly resolved     _from: 'commander@^2.5.0',
141 silly resolved     _npmVersion: '1.4.9',
141 silly resolved     _npmUser: { name: 'zhiyelee', email: 'zhiyelee@gmail.com' },
141 silly resolved     maintainers: [ [Object], [Object], [Object], [Object] ],
141 silly resolved     dist:
141 silly resolved      { shasum: 'd777b6a4d847d423e5d475da864294ac1ff5aa9d',
141 silly resolved        tarball: 'http://registry.npmjs.org/commander/-/commander-2.5.0.tgz' },
141 silly resolved     directories: {},
141 silly resolved     _resolved: 'https://registry.npmjs.org/commander/-/commander-2.5.0.tgz',
141 silly resolved     readme: 'ERROR: No README data found!' },
141 silly resolved   { name: 'lodash',
141 silly resolved     version: '2.4.1',
141 silly resolved     description: 'A utility library delivering consistency, customization, performance, & extras.',
141 silly resolved     homepage: 'http://lodash.com/',
141 silly resolved     license: 'MIT',
141 silly resolved     main: 'dist/lodash.js',
141 silly resolved     keywords:
141 silly resolved      [ 'amd',
141 silly resolved        'browser',
141 silly resolved        'client',
141 silly resolved        'customize',
141 silly resolved        'functional',
141 silly resolved        'server',
141 silly resolved        'util' ],
141 silly resolved     author:
141 silly resolved      { name: 'John-David Dalton',
141 silly resolved        email: 'john.david.dalton@gmail.com',
141 silly resolved        url: 'http://allyoucanleet.com/' },
141 silly resolved     contributors: [ [Object], [Object], [Object], [Object] ],
141 silly resolved     bugs: { url: 'https://github.com/lodash/lodash/issues' },
141 silly resolved     repository: { type: 'git', url: 'https://github.com/lodash/lodash.git' },
141 silly resolved     engines: [ 'node', 'rhino' ],
141 silly resolved     files:
141 silly resolved      [ 'LICENSE.txt',
141 silly resolved        'lodash.js',
141 silly resolved        'dist/lodash.js',
141 silly resolved        'dist/lodash.min.js',
141 silly resolved        'dist/lodash.compat.js',
141 silly resolved        'dist/lodash.compat.min.js',
141 silly resolved        'dist/lodash.underscore.js',
141 silly resolved        'dist/lodash.underscore.min.js' ],
141 silly resolved     jam: { main: 'dist/lodash.compat.js', include: [Object] },
141 silly resolved     volo: { type: 'directory', ignore: [Object] },
141 silly resolved     _id: 'lodash@2.4.1',
141 silly resolved     dist:
141 silly resolved      { shasum: '5b7723034dda4d262e5a46fb2c58d7cc22f71420',
141 silly resolved        tarball: 'http://registry.npmjs.org/lodash/-/lodash-2.4.1.tgz' },
141 silly resolved     _from: 'lodash@^2.4.1',
141 silly resolved     _npmVersion: '1.3.14',
141 silly resolved     _npmUser: { name: 'jdalton', email: 'john.david.dalton@gmail.com' },
141 silly resolved     maintainers: [ [Object], [Object], [Object], [Object] ],
141 silly resolved     directories: {},
141 silly resolved     _shasum: '5b7723034dda4d262e5a46fb2c58d7cc22f71420',
141 silly resolved     _resolved: 'https://registry.npmjs.org/lodash/-/lodash-2.4.1.tgz',
141 silly resolved     readme: 'ERROR: No README data found!' },
141 silly resolved   { name: 'moment',
141 silly resolved     version: '2.8.4',
141 silly resolved     description: 'Parse, manipulate, and display dates.',
141 silly resolved     homepage: 'http://momentjs.com',
141 silly resolved     author:
141 silly resolved      { name: 'Iskren Ivov Chernev',
141 silly resolved        email: 'iskren.chernev@gmail.com',
141 silly resolved        url: 'https://github.com/ichernev' },
141 silly resolved     contributors: [ [Object], [Object], [Object], [Object], [Object] ],
141 silly resolved     keywords:
141 silly resolved      [ 'moment',
141 silly resolved        'date',
141 silly resolved        'time',
141 silly resolved        'parse',
141 silly resolved        'format',
141 silly resolved        'validate',
141 silly resolved        'i18n',
141 silly resolved        'l10n',
141 silly resolved        'ender' ],
141 silly resolved     main: './moment.js',
141 silly resolved     engines: { node: '*' },
141 silly resolved     repository: { type: 'git', url: 'https://github.com/moment/moment.git' },
141 silly resolved     bugs: { url: 'https://github.com/moment/moment/issues' },
141 silly resolved     licenses: [ [Object] ],
141 silly resolved     devDependencies:
141 silly resolved      { 'uglify-js': 'latest',
141 silly resolved        grunt: 'latest',
141 silly resolved        nodeunit: 'latest',
141 silly resolved        benchmark: 'latest',
141 silly resolved        'grunt-contrib-jshint': 'latest',
141 silly resolved        'grunt-contrib-nodeunit': 'latest',
141 silly resolved        'grunt-contrib-concat': 'latest',
141 silly resolved        'grunt-contrib-uglify': 'latest',
141 silly resolved        'grunt-contrib-watch': 'latest',
141 silly resolved        'grunt-env': 'latest',
141 silly resolved        'grunt-jscs': '0.7.1',
141 silly resolved        'grunt-karma': 'latest',
141 silly resolved        'grunt-benchmark': 'latest',
141 silly resolved        'grunt-string-replace': 'latest',
141 silly resolved        'load-grunt-tasks': 'latest',
141 silly resolved        karma: 'latest',
141 silly resolved        'karma-chrome-launcher': 'latest',
141 silly resolved        'karma-firefox-launcher': 'latest',
141 silly resolved        'karma-nodeunit': 'latest',
141 silly resolved        'karma-sauce-launcher': 'latest' },
141 silly resolved     scripts: { test: 'grunt test:node' },
141 silly resolved     ender: './ender.js',
141 silly resolved     dojoBuild: 'package.js',
141 silly resolved     jspm: { files: [Object], map: [Object], buildConfig: [Object] },
141 silly resolved     spm: { main: 'moment.js', output: [Object] },
141 silly resolved     _id: 'moment@2.8.4',
141 silly resolved     dist:
141 silly resolved      { shasum: 'cc174aabb19223efff5699a9467805a2789838bf',
141 silly resolved        tarball: 'http://registry.npmjs.org/moment/-/moment-2.8.4.tgz' },
141 silly resolved     _from: 'moment@^2.8.4',
141 silly resolved     _npmVersion: '1.4.6',
141 silly resolved     _npmUser: { name: 'ichernev', email: 'iskren.chernev@gmail.com' },
141 silly resolved     maintainers: [ [Object], [Object] ],
141 silly resolved     directories: {},
141 silly resolved     _shasum: 'cc174aabb19223efff5699a9467805a2789838bf',
141 silly resolved     _resolved: 'https://registry.npmjs.org/moment/-/moment-2.8.4.tgz',
141 silly resolved     readme: 'ERROR: No README data found!' } ]
142 info install commander@2.5.0 into /Users/sfarthing/.nvm/v0.10.29/lib/node_modules/ga-analytics
143 info install lodash@2.4.1 into /Users/sfarthing/.nvm/v0.10.29/lib/node_modules/ga-analytics
144 info install moment@2.8.4 into /Users/sfarthing/.nvm/v0.10.29/lib/node_modules/ga-analytics
145 info installOne commander@2.5.0
146 info installOne lodash@2.4.1
147 info installOne moment@2.8.4
148 info /Users/sfarthing/.nvm/v0.10.29/lib/node_modules/ga-analytics/node_modules/commander unbuild
149 info /Users/sfarthing/.nvm/v0.10.29/lib/node_modules/ga-analytics/node_modules/lodash unbuild
150 info /Users/sfarthing/.nvm/v0.10.29/lib/node_modules/ga-analytics/node_modules/moment unbuild
151 verbose tar unpack /Users/sfarthing/.npm/commander/2.5.0/package.tgz
152 silly lockFile ef509382-analytics-node-modules-commander tar:///Users/sfarthing/.nvm/v0.10.29/lib/node_modules/ga-analytics/node_modules/commander
153 verbose lock tar:///Users/sfarthing/.nvm/v0.10.29/lib/node_modules/ga-analytics/node_modules/commander /Users/sfarthing/.npm/ef509382-analytics-node-modules-commander.lock
154 silly lockFile fe5c2396--npm-commander-2-5-0-package-tgz tar:///Users/sfarthing/.npm/commander/2.5.0/package.tgz
155 verbose lock tar:///Users/sfarthing/.npm/commander/2.5.0/package.tgz /Users/sfarthing/.npm/fe5c2396--npm-commander-2-5-0-package-tgz.lock
156 verbose tar unpack /Users/sfarthing/.npm/lodash/2.4.1/package.tgz
157 silly lockFile a0e121b9-ga-analytics-node-modules-lodash tar:///Users/sfarthing/.nvm/v0.10.29/lib/node_modules/ga-analytics/node_modules/lodash
158 verbose lock tar:///Users/sfarthing/.nvm/v0.10.29/lib/node_modules/ga-analytics/node_modules/lodash /Users/sfarthing/.npm/a0e121b9-ga-analytics-node-modules-lodash.lock
159 silly lockFile 8e062f9d-ing-npm-lodash-2-4-1-package-tgz tar:///Users/sfarthing/.npm/lodash/2.4.1/package.tgz
160 verbose lock tar:///Users/sfarthing/.npm/lodash/2.4.1/package.tgz /Users/sfarthing/.npm/8e062f9d-ing-npm-lodash-2-4-1-package-tgz.lock
161 verbose tar unpack /Users/sfarthing/.npm/moment/2.8.4/package.tgz
162 silly lockFile 5e47150f-ga-analytics-node-modules-moment tar:///Users/sfarthing/.nvm/v0.10.29/lib/node_modules/ga-analytics/node_modules/moment
163 verbose lock tar:///Users/sfarthing/.nvm/v0.10.29/lib/node_modules/ga-analytics/node_modules/moment /Users/sfarthing/.npm/5e47150f-ga-analytics-node-modules-moment.lock
164 silly lockFile 4bcbc18b-ing-npm-moment-2-8-4-package-tgz tar:///Users/sfarthing/.npm/moment/2.8.4/package.tgz
165 verbose lock tar:///Users/sfarthing/.npm/moment/2.8.4/package.tgz /Users/sfarthing/.npm/4bcbc18b-ing-npm-moment-2-8-4-package-tgz.lock
166 silly gunzTarPerm modes [ '755', '644' ]
167 silly gunzTarPerm modes [ '755', '644' ]
168 silly gunzTarPerm modes [ '755', '644' ]
169 silly gunzTarPerm extractEntry package.json
170 silly gunzTarPerm modified mode [ 'package.json', 436, 420 ]
171 silly gunzTarPerm extractEntry package.json
172 silly gunzTarPerm extractEntry package.json
173 silly gunzTarPerm extractEntry index.js
174 silly gunzTarPerm modified mode [ 'index.js', 436, 420 ]
175 silly gunzTarPerm extractEntry Readme.md
176 silly gunzTarPerm modified mode [ 'Readme.md', 436, 420 ]
177 silly gunzTarPerm extractEntry README.md
178 silly gunzTarPerm extractEntry lodash.js
179 silly gunzTarPerm extractEntry README.md
180 silly gunzTarPerm extractEntry LICENSE
181 silly gunzTarPerm extractEntry LICENSE.txt
182 silly gunzTarPerm extractEntry ender.js
183 silly gunzTarPerm extractEntry moment.js
184 silly gunzTarPerm extractEntry package.js
185 silly gunzTarPerm extractEntry locale/af.js
186 silly gunzTarPerm extractEntry locale/hu.js
187 silly gunzTarPerm extractEntry dist/lodash.compat.js
188 silly gunzTarPerm extractEntry locale/hy-am.js
189 silly gunzTarPerm extractEntry locale/id.js
190 silly gunzTarPerm extractEntry dist/lodash.compat.min.js
191 silly lockFile ef509382-analytics-node-modules-commander tar:///Users/sfarthing/.nvm/v0.10.29/lib/node_modules/ga-analytics/node_modules/commander
192 silly lockFile ef509382-analytics-node-modules-commander tar:///Users/sfarthing/.nvm/v0.10.29/lib/node_modules/ga-analytics/node_modules/commander
193 silly lockFile fe5c2396--npm-commander-2-5-0-package-tgz tar:///Users/sfarthing/.npm/commander/2.5.0/package.tgz
194 silly lockFile fe5c2396--npm-commander-2-5-0-package-tgz tar:///Users/sfarthing/.npm/commander/2.5.0/package.tgz
195 info preinstall commander@2.5.0
196 verbose readDependencies using package.json deps
197 verbose readDependencies using package.json deps
198 silly resolved []
199 verbose about to build /Users/sfarthing/.nvm/v0.10.29/lib/node_modules/ga-analytics/node_modules/commander
200 info build /Users/sfarthing/.nvm/v0.10.29/lib/node_modules/ga-analytics/node_modules/commander
201 verbose linkStuff [ true,
201 verbose linkStuff   '/Users/sfarthing/.nvm/v0.10.29/lib/node_modules',
201 verbose linkStuff   false,
201 verbose linkStuff   '/Users/sfarthing/.nvm/v0.10.29/lib/node_modules/ga-analytics/node_modules' ]
202 info linkStuff commander@2.5.0
203 verbose linkBins commander@2.5.0
204 verbose linkMans commander@2.5.0
205 verbose rebuildBundles commander@2.5.0
206 info install commander@2.5.0
207 info postinstall commander@2.5.0
208 silly gunzTarPerm extractEntry locale/is.js
209 silly gunzTarPerm extractEntry locale/hr.js
210 silly gunzTarPerm extractEntry locale/ja.js
211 silly gunzTarPerm extractEntry locale/ka.js
212 silly gunzTarPerm extractEntry locale/km.js
213 silly gunzTarPerm extractEntry locale/ko.js
214 silly gunzTarPerm extractEntry locale/lb.js
215 silly gunzTarPerm extractEntry locale/hi.js
216 silly gunzTarPerm extractEntry locale/lt.js
217 silly gunzTarPerm extractEntry locale/he.js
218 silly gunzTarPerm extractEntry locale/lv.js
219 silly gunzTarPerm extractEntry locale/gl.js
220 silly gunzTarPerm extractEntry locale/mk.js
221 silly gunzTarPerm extractEntry locale/fr.js
222 silly gunzTarPerm extractEntry locale/ml.js
223 silly gunzTarPerm extractEntry locale/fr-ca.js
224 silly gunzTarPerm extractEntry locale/mr.js
225 silly gunzTarPerm extractEntry locale/fo.js
226 silly gunzTarPerm extractEntry locale/ms-my.js
227 silly gunzTarPerm extractEntry locale/fi.js
228 silly gunzTarPerm extractEntry locale/my.js
229 silly gunzTarPerm extractEntry locale/fa.js
230 silly gunzTarPerm extractEntry locale/nb.js
231 silly gunzTarPerm extractEntry locale/eu.js
232 silly gunzTarPerm extractEntry locale/ne.js
233 silly gunzTarPerm extractEntry locale/et.js
234 silly gunzTarPerm extractEntry locale/nl.js
235 silly gunzTarPerm extractEntry locale/es.js
236 silly gunzTarPerm extractEntry locale/nn.js
237 silly gunzTarPerm extractEntry locale/eo.js
238 silly gunzTarPerm extractEntry dist/lodash.js
239 silly gunzTarPerm extractEntry locale/pl.js
240 silly gunzTarPerm extractEntry locale/en-gb.js
241 silly gunzTarPerm extractEntry dist/lodash.min.js
242 silly gunzTarPerm extractEntry locale/pt-br.js
243 silly gunzTarPerm extractEntry locale/en-ca.js
244 silly gunzTarPerm extractEntry locale/pt.js
245 silly gunzTarPerm extractEntry locale/en-au.js
246 silly gunzTarPerm extractEntry locale/ro.js
247 silly gunzTarPerm extractEntry locale/el.js
248 silly gunzTarPerm extractEntry locale/ru.js
249 silly gunzTarPerm extractEntry locale/de.js
250 silly gunzTarPerm extractEntry locale/sk.js
251 silly gunzTarPerm extractEntry locale/de-at.js
252 silly gunzTarPerm extractEntry locale/sl.js
253 silly gunzTarPerm extractEntry locale/da.js
254 silly gunzTarPerm extractEntry locale/sq.js
255 silly gunzTarPerm extractEntry locale/cy.js
256 silly gunzTarPerm extractEntry locale/sr-cyrl.js
257 silly gunzTarPerm extractEntry locale/cv.js
258 silly gunzTarPerm extractEntry locale/sr.js
259 silly gunzTarPerm extractEntry locale/cs.js
260 silly gunzTarPerm extractEntry locale/sv.js
261 silly gunzTarPerm extractEntry locale/ca.js
262 silly gunzTarPerm extractEntry locale/ta.js
263 silly gunzTarPerm extractEntry locale/bs.js
264 silly gunzTarPerm extractEntry locale/th.js
265 silly gunzTarPerm extractEntry locale/br.js
266 silly gunzTarPerm extractEntry locale/tl-ph.js
267 silly gunzTarPerm extractEntry locale/bo.js
268 silly gunzTarPerm extractEntry locale/tr.js
269 silly gunzTarPerm extractEntry locale/bn.js
270 silly gunzTarPerm extractEntry locale/tzm-latn.js
271 silly gunzTarPerm extractEntry locale/bg.js
272 silly gunzTarPerm extractEntry locale/tzm.js
273 silly gunzTarPerm extractEntry locale/be.js
274 silly gunzTarPerm extractEntry locale/uk.js
275 silly gunzTarPerm extractEntry locale/az.js
276 silly gunzTarPerm extractEntry locale/uz.js
277 silly gunzTarPerm extractEntry locale/ar.js
278 silly gunzTarPerm extractEntry locale/vi.js
279 silly gunzTarPerm extractEntry locale/ar-sa.js
280 silly gunzTarPerm extractEntry locale/zh-cn.js
281 silly gunzTarPerm extractEntry locale/ar-ma.js
282 silly gunzTarPerm extractEntry locale/zh-tw.js
283 silly gunzTarPerm extractEntry locale/it.js
284 silly gunzTarPerm extractEntry min/locales.js
285 silly gunzTarPerm extractEntry min/locales.min.js
286 silly gunzTarPerm extractEntry min/moment-with-locales.js
287 silly gunzTarPerm extractEntry min/moment-with-locales.min.js
288 silly gunzTarPerm extractEntry min/moment.min.js
289 silly gunzTarPerm extractEntry dist/lodash.underscore.js
290 silly gunzTarPerm extractEntry dist/lodash.underscore.min.js
291 silly lockFile a0e121b9-ga-analytics-node-modules-lodash tar:///Users/sfarthing/.nvm/v0.10.29/lib/node_modules/ga-analytics/node_modules/lodash
292 silly lockFile a0e121b9-ga-analytics-node-modules-lodash tar:///Users/sfarthing/.nvm/v0.10.29/lib/node_modules/ga-analytics/node_modules/lodash
293 silly lockFile 8e062f9d-ing-npm-lodash-2-4-1-package-tgz tar:///Users/sfarthing/.npm/lodash/2.4.1/package.tgz
294 silly lockFile 8e062f9d-ing-npm-lodash-2-4-1-package-tgz tar:///Users/sfarthing/.npm/lodash/2.4.1/package.tgz
295 info preinstall lodash@2.4.1
296 verbose readDependencies using package.json deps
297 verbose readDependencies using package.json deps
298 silly resolved []
299 verbose about to build /Users/sfarthing/.nvm/v0.10.29/lib/node_modules/ga-analytics/node_modules/lodash
300 info build /Users/sfarthing/.nvm/v0.10.29/lib/node_modules/ga-analytics/node_modules/lodash
301 verbose linkStuff [ true,
301 verbose linkStuff   '/Users/sfarthing/.nvm/v0.10.29/lib/node_modules',
301 verbose linkStuff   false,
301 verbose linkStuff   '/Users/sfarthing/.nvm/v0.10.29/lib/node_modules/ga-analytics/node_modules' ]
302 info linkStuff lodash@2.4.1
303 verbose linkBins lodash@2.4.1
304 verbose linkMans lodash@2.4.1
305 verbose rebuildBundles lodash@2.4.1
306 info install lodash@2.4.1
307 info postinstall lodash@2.4.1
308 silly lockFile 5e47150f-ga-analytics-node-modules-moment tar:///Users/sfarthing/.nvm/v0.10.29/lib/node_modules/ga-analytics/node_modules/moment
309 silly lockFile 5e47150f-ga-analytics-node-modules-moment tar:///Users/sfarthing/.nvm/v0.10.29/lib/node_modules/ga-analytics/node_modules/moment
310 silly lockFile 4bcbc18b-ing-npm-moment-2-8-4-package-tgz tar:///Users/sfarthing/.npm/moment/2.8.4/package.tgz
311 silly lockFile 4bcbc18b-ing-npm-moment-2-8-4-package-tgz tar:///Users/sfarthing/.npm/moment/2.8.4/package.tgz
312 info preinstall moment@2.8.4
313 verbose readDependencies using package.json deps
314 verbose readDependencies using package.json deps
315 silly resolved []
316 verbose about to build /Users/sfarthing/.nvm/v0.10.29/lib/node_modules/ga-analytics/node_modules/moment
317 info build /Users/sfarthing/.nvm/v0.10.29/lib/node_modules/ga-analytics/node_modules/moment
318 verbose linkStuff [ true,
318 verbose linkStuff   '/Users/sfarthing/.nvm/v0.10.29/lib/node_modules',
318 verbose linkStuff   false,
318 verbose linkStuff   '/Users/sfarthing/.nvm/v0.10.29/lib/node_modules/ga-analytics/node_modules' ]
319 info linkStuff moment@2.8.4
320 verbose linkBins moment@2.8.4
321 verbose linkMans moment@2.8.4
322 verbose rebuildBundles moment@2.8.4
323 info install moment@2.8.4
324 info postinstall moment@2.8.4
325 verbose about to build /Users/sfarthing/.nvm/v0.10.29/lib/node_modules/ga-analytics
326 info build /Users/sfarthing/.nvm/v0.10.29/lib/node_modules/ga-analytics
327 verbose linkStuff [ true,
327 verbose linkStuff   '/Users/sfarthing/.nvm/v0.10.29/lib/node_modules',
327 verbose linkStuff   true,
327 verbose linkStuff   '/Users/sfarthing/.nvm/v0.10.29/lib/node_modules' ]
328 info linkStuff ga-analytics@0.0.1
329 verbose linkBins ga-analytics@0.0.1
330 verbose link bins [ { 'ga-analytics': 'bin/ga-analytics' },
330 verbose link bins   '/Users/sfarthing/.nvm/v0.10.29/bin',
330 verbose link bins   true ]
331 verbose linkMans ga-analytics@0.0.1
332 verbose rebuildBundles ga-analytics@0.0.1
333 verbose rebuildBundles [ 'commander', 'lodash', 'moment' ]
334 info /Users/sfarthing/.nvm/v0.10.29/lib/node_modules/ga-analytics unbuild
335 info preuninstall ga-analytics@0.0.1
336 info uninstall ga-analytics@0.0.1
337 verbose true,/Users/sfarthing/.nvm/v0.10.29/lib/node_modules,/Users/sfarthing/.nvm/v0.10.29/lib/node_modules unbuild ga-analytics@0.0.1
338 verbose /Users/sfarthing/.nvm/v0.10.29/bin,[object Object] binRoot
339 info postuninstall ga-analytics@0.0.1
340 error Error: ENOENT, chmod '/Users/sfarthing/.nvm/v0.10.29/lib/node_modules/ga-analytics/bin/ga-analytics'
341 error If you need help, you may report this *entire* log,
341 error including the npm and node versions, at:
341 error     <http://github.com/npm/npm/issues>
342 error System Darwin 13.4.0
343 error command "/Users/sfarthing/.nvm/v0.10.29/bin/node" "/Users/sfarthing/.nvm/v0.10.29/bin/npm" "install" "ga-analytics" "-g"
344 error cwd /Users/sfarthing/Sites/ga-analytics
345 error node -v v0.10.29
346 error npm -v 1.4.14
347 error path /Users/sfarthing/.nvm/v0.10.29/lib/node_modules/ga-analytics/bin/ga-analytics
348 error code ENOENT
349 error errno 34
350 verbose exit [ 34, true ]
